2018-06-04 11:36:29,265 - BrowserEngine - INFO - You had select Chrome browser. 
2018-06-04 11:36:29,265 - BrowserEngine - INFO - The test server url is http://www.baidu.com 
2018-06-04 11:36:32,937 - BrowserEngine - INFO - Starting Chorme browser 
2018-06-04 11:36:33,554 - BrowserEngine - INFO - Open url http://www.baidu.com 
2018-06-04 11:36:33,556 - BrowserEngine - INFO - Set implicitly wait 10 seconds 
2018-06-04 11:36:33,591 - BasePage - INFO - Had find the element '  ' successfulby id via value:kw 
2018-06-04 11:36:33,737 - BasePage - INFO - Had type ' selenium ' in inputBox 
2018-06-04 11:36:33,766 - BasePage - INFO - Had find the element '  ' successfulby xpath via value://*[@id='su'] 
2018-06-04 11:36:33,836 - BasePage - INFO - The emement was click 
2018-06-04 11:36:36,125 - BasePage - INFO - Had take screenshot and save to folder : /screenshots 
2018-06-04 11:36:36,129 - BasePage - INFO - Current page title is selenium_百度搜索 
2018-06-04 11:36:36,132 - BaiduSearch - INFO - Test Pass 
2018-06-04 11:36:39,162 - BrowserEngine - INFO - You had select Chrome browser. 
2018-06-04 11:36:39,162 - BrowserEngine - INFO - The test server url is http://www.baidu.com 
2018-06-04 11:36:42,807 - BrowserEngine - INFO - Starting Chorme browser 
2018-06-04 11:36:43,324 - BrowserEngine - INFO - Open url http://www.baidu.com 
2018-06-04 11:36:43,327 - BrowserEngine - INFO - Set implicitly wait 10 seconds 
2018-06-04 11:36:43,360 - BasePage - INFO - Had find the element '  ' successfulby id via value:kw 
2018-06-04 11:36:43,489 - BasePage - INFO - Had type ' python ' in inputBox 
2018-06-04 11:36:43,517 - BasePage - INFO - Had find the element '  ' successfulby xpath via value://*[@id='su'] 
2018-06-04 11:36:43,628 - BasePage - INFO - The emement was click 
2018-06-04 11:36:45,911 - BasePage - INFO - Had take screenshot and save to folder : /screenshots 
2018-06-04 11:36:45,915 - BasePage - INFO - Current page title is python_百度搜索 
2018-06-04 11:36:45,918 - BaiduSearch - INFO - Test Pass 
2018-06-04 11:36:48,947 - BrowserEngine - INFO - You had select Chrome browser. 
2018-06-04 11:36:48,947 - BrowserEngine - INFO - The test server url is http://www.baidu.com 
2018-06-04 11:36:52,673 - BrowserEngine - INFO - Starting Chorme browser 
2018-06-04 11:36:53,300 - BrowserEngine - INFO - Open url http://www.baidu.com 
2018-06-04 11:36:53,303 - BrowserEngine - INFO - Set implicitly wait 10 seconds 
2018-06-04 11:36:53,310 - BasePage - INFO - Current page title is 百度一下，你就知道 
