2018-06-04 10:48:39,465 - BrowserEngine - INFO - You had select Chrome browser. 
2018-06-04 10:48:39,466 - BrowserEngine - INFO - The test server url is http://www.baidu.com 
2018-06-04 10:48:43,141 - BrowserEngine - INFO - Starting Chorme browser 
2018-06-04 10:48:43,922 - BrowserEngine - INFO - Open url http://www.baidu.com 
2018-06-04 10:48:43,925 - BrowserEngine - INFO - Set implicitly wait 10 seconds 
2018-06-04 10:48:43,953 - BasePage - INFO - Had find the element '  ' successfulby id via value:kw 
2018-06-04 10:48:44,095 - BasePage - INFO - Had type ' selenium ' in inputBox 
2018-06-04 10:48:44,124 - BasePage - INFO - Had find the element '  ' successfulby xpath via value://*[@id='su'] 
2018-06-04 10:48:44,178 - BasePage - INFO - The emement was click 
2018-06-04 10:48:46,474 - BasePage - INFO - Had take screenshot and save to folder : /screenshots 
2018-06-04 10:48:46,478 - BasePage - INFO - Current page title is selenium_百度搜索 
2018-06-04 10:48:46,481 - BaiduSearch - INFO - Test Pass 
2018-06-04 10:48:49,518 - BrowserEngine - INFO - You had select Chrome browser. 
2018-06-04 10:48:49,518 - BrowserEngine - INFO - The test server url is http://www.baidu.com 
2018-06-04 10:48:53,181 - BrowserEngine - INFO - Starting Chorme browser 
2018-06-04 10:48:53,716 - BrowserEngine - INFO - Open url http://www.baidu.com 
2018-06-04 10:48:53,720 - BrowserEngine - INFO - Set implicitly wait 10 seconds 
2018-06-04 10:48:53,752 - BasePage - INFO - Had find the element '  ' successfulby id via value:kw 
2018-06-04 10:48:53,903 - BasePage - INFO - Had type ' python ' in inputBox 
2018-06-04 10:48:53,938 - BasePage - INFO - Had find the element '  ' successfulby xpath via value://*[@id='su'] 
2018-06-04 10:48:54,025 - BasePage - INFO - The emement was click 
2018-06-04 10:48:56,372 - BasePage - INFO - Had take screenshot and save to folder : /screenshots 
2018-06-04 10:48:56,376 - BasePage - INFO - Current page title is python_百度搜索 
2018-06-04 10:48:56,379 - BaiduSearch - INFO - Test Pass 
2018-06-04 10:48:59,411 - BrowserEngine - INFO - You had select Chrome browser. 
2018-06-04 10:48:59,411 - BrowserEngine - INFO - The test server url is http://www.baidu.com 
2018-06-04 10:49:03,111 - BrowserEngine - INFO - Starting Chorme browser 
2018-06-04 10:49:03,644 - BrowserEngine - INFO - Open url http://www.baidu.com 
2018-06-04 10:49:03,647 - BrowserEngine - INFO - Set implicitly wait 10 seconds 
2018-06-04 10:49:03,654 - BasePage - INFO - Current page title is 百度一下，你就知道 
