2018-06-04 10:21:03,869 - BrowserEngine - INFO - You had select Chrome browser. 
2018-06-04 10:21:03,870 - BrowserEngine - INFO - The test server url is http://www.baidu.com 
2018-06-04 10:21:07,615 - BrowserEngine - INFO - Starting Chorme browser 
2018-06-04 10:21:08,151 - BrowserEngine - INFO - Open url http://www.baidu.com 
2018-06-04 10:21:08,153 - BrowserEngine - INFO - Set implicitly wait 10 seconds 
2018-06-04 10:21:18,175 - BasePage - ERROR - NoSuchElementException:Message: no such element: Unable to locate element: {"method":"id","selector":"ww"}
  (Session info: chrome=63.0.3239.84)
  (Driver info: chromedriver=2.34.522940 (1a76f96f66e3ca7b8e57d503b4dd3bccfba87af1),platform=Windows NT 6.1.7601 SP1 x86_64)
 
2018-06-04 10:21:18,505 - BasePage - INFO - Had take screenshot and save to folder : /screenshots 
2018-06-04 10:21:18,505 - BaiduSearch - ERROR - Test Fail:'str' object has no attribute 'clear' 
2018-06-04 10:21:21,543 - BrowserEngine - INFO - You had select Chrome browser. 
2018-06-04 10:21:21,543 - BrowserEngine - INFO - The test server url is http://www.baidu.com 
2018-06-04 10:21:25,263 - BrowserEngine - INFO - Starting Chorme browser 
2018-06-04 10:21:25,780 - BrowserEngine - INFO - Open url http://www.baidu.com 
2018-06-04 10:21:25,783 - BrowserEngine - INFO - Set implicitly wait 10 seconds 
2018-06-04 10:21:35,800 - BasePage - ERROR - NoSuchElementException:Message: no such element: Unable to locate element: {"method":"id","selector":"ww"}
  (Session info: chrome=63.0.3239.84)
  (Driver info: chromedriver=2.34.522940 (1a76f96f66e3ca7b8e57d503b4dd3bccfba87af1),platform=Windows NT 6.1.7601 SP1 x86_64)
 
2018-06-04 10:21:36,161 - BasePage - INFO - Had take screenshot and save to folder : /screenshots 
2018-06-04 10:21:36,161 - BaiduSearch - ERROR - Test Fail:'str' object has no attribute 'clear' 
