2020-05-19 16:16:13,338 - BrowserEngine - INFO - You had select Chrome browser. 
2020-05-19 16:16:13,339 - BrowserEngine - INFO - The test server url is http://www.baidu.com 
2020-05-19 16:16:19,355 - BrowserEngine - INFO - Starting Chorme browser 
2020-05-19 16:16:21,573 - BrowserEngine - INFO - Open url http://www.baidu.com 
2020-05-19 16:16:21,574 - BrowserEngine - INFO - Set implicitly wait 10 seconds 
2020-05-19 16:16:21,681 - BasePage - INFO - Had find the element '  ' successfulby id via value:kw 
2020-05-19 16:16:22,129 - BasePage - INFO - Had type ' selenium ' in inputBox 
2020-05-19 16:16:22,178 - BasePage - INFO - Had find the element '  ' successfulby xpath via value://*[@id='su'] 
2020-05-19 16:16:22,283 - BasePage - INFO - The emement was click 
2020-05-19 16:16:25,197 - BasePage - INFO - Had take screenshot and save to folder : /screenshots 
2020-05-19 16:16:25,215 - BasePage - INFO - Current page title is selenium_百度搜索 
2020-05-19 16:16:25,232 - BaiduSearch - INFO - Test Pass 
2020-05-19 16:16:27,849 - BrowserEngine - INFO - You had select Chrome browser. 
2020-05-19 16:16:27,850 - BrowserEngine - INFO - The test server url is http://www.baidu.com 
2020-05-19 16:16:32,551 - BrowserEngine - INFO - Starting Chorme browser 
2020-05-19 16:16:34,529 - BrowserEngine - INFO - Open url http://www.baidu.com 
2020-05-19 16:16:34,532 - BrowserEngine - INFO - Set implicitly wait 10 seconds 
2020-05-19 16:16:34,673 - BasePage - INFO - Had find the element '  ' successfulby id via value:kw 
2020-05-19 16:16:35,185 - BasePage - INFO - Had type ' python ' in inputBox 
2020-05-19 16:16:35,232 - BasePage - INFO - Had find the element '  ' successfulby xpath via value://*[@id='su'] 
2020-05-19 16:16:35,360 - BasePage - INFO - The emement was click 
2020-05-19 16:16:38,389 - BasePage - INFO - Had take screenshot and save to folder : /screenshots 
2020-05-19 16:16:38,397 - BasePage - INFO - Current page title is python_百度搜索 
2020-05-19 16:16:38,405 - BaiduSearch - INFO - Test Pass 
2020-05-19 16:16:40,962 - BrowserEngine - INFO - You had select Chrome browser. 
2020-05-19 16:16:40,962 - BrowserEngine - INFO - The test server url is http://www.baidu.com 
2020-05-19 16:16:45,673 - BrowserEngine - INFO - Starting Chorme browser 
2020-05-19 16:16:47,736 - BrowserEngine - INFO - Open url http://www.baidu.com 
2020-05-19 16:16:47,738 - BrowserEngine - INFO - Set implicitly wait 10 seconds 
2020-05-19 16:16:47,753 - BasePage - INFO - Current page title is 百度一下，你就知道 
